This file contains any messages produced by compilers while
running configure, to aid debugging if configure makes a mistake.

It was created by wired configure 2.0, which was
generated by GNU Autoconf 2.61.  Invocation command line was

  $ ./configure --host=i386-apple-darwin11.4.0 --build=i686-apple-darwin11.4.0 --enable-warnings --srcdir=/Users/nark/Development/Me/Cocoa/Wired/wired/WiredServer/../wired --with-objdir=/Users/nark/Library/Developer/Xcode/DerivedData/WiredServer-bdsuzuivpywligalmkhtruqeykyh/Build/Intermediates/WiredServer.build/Debug/wired.build/Objects/i386 --with-rundir=/Users/nark/Library/Developer/Xcode/DerivedData/WiredServer-bdsuzuivpywligalmkhtruqeykyh/Build/Intermediates/WiredServer.build/Debug/wired.build/run/i386/wired --prefix=/Users/nark/Library/Developer/Xcode/DerivedData/WiredServer-bdsuzuivpywligalmkhtruqeykyh/Build/Products/Debug/ --with-fake-prefix=/Library --with-wireddir=Wired --with-user=nark --with-group=staff --without-libwired

## --------- ##
## Platform. ##
## --------- ##

hostname = MacBook-Pro-de-Rafael.local
uname -m = x86_64
uname -r = 11.4.0
uname -s = Darwin
uname -v = Darwin Kernel Version 11.4.0: Mon Apr  9 19:32:15 PDT 2012; root:xnu-1699.26.8~1/RELEASE_X86_64

/usr/bin/uname -p = i386
/bin/uname -X     = unknown

/bin/arch              = unknown
/usr/bin/arch -k       = unknown
/usr/convex/getsysinfo = unknown
/usr/bin/hostinfo      = Mach kernel version:
	 Darwin Kernel Version 11.4.0: Mon Apr  9 19:32:15 PDT 2012; root:xnu-1699.26.8~1/RELEASE_X86_64
Kernel configured for up to 4 processors.
2 processors are physically available.
4 processors are logically available.
Processor type: i486 (Intel 80486)
Processors active: 0 1 2 3
Primary memory available: 8.00 gigabytes
Default processor set: 107 tasks, 527 threads, 4 processors
Load average: 3.07, Mach factor: 0.92
/bin/machine           = unknown
/usr/bin/oslevel       = unknown
/bin/universe          = unknown

PATH: /opt/local/bin
PATH: /usr/local/bin
PATH: /Applications/Xcode.app/Contents/Developer/Toolchains/XcodeDefault.xctoolchain/usr/bin
PATH: /Applications/Xcode.app/Contents/Developer/Toolchains/XcodeDefault.xctoolchain/usr/local/bin
PATH: /Applications/Xcode.app/Contents/Developer/Platforms/MacOSX.platform/Developer/usr/bin
PATH: /Applications/Xcode.app/Contents/Developer/Platforms/MacOSX.platform/Developer/usr/local/bin
PATH: /Applications/Xcode.app/Contents/Developer/usr/bin
PATH: /Applications/Xcode.app/Contents/Developer/usr/local/bin
PATH: /Applications/Xcode.app/Contents/Developer/Tools
PATH: /usr/bin
PATH: /bin
PATH: /usr/sbin
PATH: /sbin


## ----------- ##
## Core tests. ##
## ----------- ##

configure:1864: checking build system type
configure:1882: result: i686-apple-darwin11.4.0
configure:1904: checking host system type
configure:1919: result: i386-apple-darwin11.4.0
configure:1985: checking for i386-apple-darwin11.4.0-gcc
configure:2012: result: /Applications/Xcode.app/Contents/Developer/usr/bin/llvm-gcc-4.2 -arch i386
configure:2290: checking for C compiler version
configure:2297: /Applications/Xcode.app/Contents/Developer/usr/bin/llvm-gcc-4.2 -arch i386 --version >&5
i686-apple-darwin11-llvm-gcc-4.2 (GCC) 4.2.1 (Based on Apple Inc. build 5658) (LLVM build 2336.9.00)
Copyright (C) 2007 Free Software Foundation, Inc.
This is free software; see the source for copying conditions.  There is NO
warranty; not even for MERCHANTABILITY or FITNESS FOR A PARTICULAR PURPOSE.

configure:2300: $? = 0
configure:2307: /Applications/Xcode.app/Contents/Developer/usr/bin/llvm-gcc-4.2 -arch i386 -v >&5
Using built-in specs.
Target: i686-apple-darwin11
Configured with: /private/var/tmp/llvmgcc42/llvmgcc42-2336.9~22/src/configure --disable-checking --enable-werror --prefix=/Applications/Xcode.app/Contents/Developer/usr/llvm-gcc-4.2 --mandir=/share/man --enable-languages=c,objc,c++,obj-c++ --program-prefix=llvm- --program-transform-name=/^[cg][^.-]*$/s/$/-4.2/ --with-slibdir=/usr/lib --build=i686-apple-darwin11 --enable-llvm=/private/var/tmp/llvmgcc42/llvmgcc42-2336.9~22/dst-llvmCore/Developer/usr/local --program-prefix=i686-apple-darwin11- --host=x86_64-apple-darwin11 --target=i686-apple-darwin11 --with-gxx-include-dir=/usr/include/c++/4.2.1
Thread model: posix
gcc version 4.2.1 (Based on Apple Inc. build 5658) (LLVM build 2336.9.00)
configure:2310: $? = 0
configure:2317: /Applications/Xcode.app/Contents/Developer/usr/bin/llvm-gcc-4.2 -arch i386 -V >&5
llvm-gcc-4.2: argument to `-V' is missing
configure:2320: $? = 1
configure:2343: checking for C compiler default output file name
configure:2370: /Applications/Xcode.app/Contents/Developer/usr/bin/llvm-gcc-4.2 -arch i386  -O0  -isysroot /Applications/Xcode.app/Contents/Developer/Platforms/MacOSX.platform/Developer/SDKs/MacOSX10.6.sdk -mmacosx-version-min=10.6 -I/Users/nark/Library/Developer/Xcode/DerivedData/WiredServer-bdsuzuivpywligalmkhtruqeykyh/Build/Intermediates/WiredServer.build/Debug/wired.build/make/i386  conftest.c  >&5
configure:2373: $? = 0
configure:2411: result: a.out
configure:2428: checking whether the C compiler works
configure:2458: result: yes
configure:2465: checking whether we are cross compiling
configure:2467: result: yes
configure:2470: checking for suffix of executables
configure:2477: /Applications/Xcode.app/Contents/Developer/usr/bin/llvm-gcc-4.2 -arch i386 -o conftest  -O0  -isysroot /Applications/Xcode.app/Contents/Developer/Platforms/MacOSX.platform/Developer/SDKs/MacOSX10.6.sdk -mmacosx-version-min=10.6 -I/Users/nark/Library/Developer/Xcode/DerivedData/WiredServer-bdsuzuivpywligalmkhtruqeykyh/Build/Intermediates/WiredServer.build/Debug/wired.build/make/i386  conftest.c  >&5
configure:2480: $? = 0
configure:2504: result: 
configure:2510: checking for suffix of object files
configure:2536: /Applications/Xcode.app/Contents/Developer/usr/bin/llvm-gcc-4.2 -arch i386 -c  -O0  -isysroot /Applications/Xcode.app/Contents/Developer/Platforms/MacOSX.platform/Developer/SDKs/MacOSX10.6.sdk -mmacosx-version-min=10.6 -I/Users/nark/Library/Developer/Xcode/DerivedData/WiredServer-bdsuzuivpywligalmkhtruqeykyh/Build/Intermediates/WiredServer.build/Debug/wired.build/make/i386 conftest.c >&5
configure:2539: $? = 0
configure:2562: result: o
configure:2566: checking whether we are using the GNU C compiler
configure:2595: /Applications/Xcode.app/Contents/Developer/usr/bin/llvm-gcc-4.2 -arch i386 -c  -O0  -isysroot /Applications/Xcode.app/Contents/Developer/Platforms/MacOSX.platform/Developer/SDKs/MacOSX10.6.sdk -mmacosx-version-min=10.6 -I/Users/nark/Library/Developer/Xcode/DerivedData/WiredServer-bdsuzuivpywligalmkhtruqeykyh/Build/Intermediates/WiredServer.build/Debug/wired.build/make/i386 conftest.c >&5
configure:2601: $? = 0
configure:2618: result: yes
configure:2623: checking whether /Applications/Xcode.app/Contents/Developer/usr/bin/llvm-gcc-4.2 -arch i386 accepts -g
configure:2653: /Applications/Xcode.app/Contents/Developer/usr/bin/llvm-gcc-4.2 -arch i386 -c -g  -isysroot /Applications/Xcode.app/Contents/Developer/Platforms/MacOSX.platform/Developer/SDKs/MacOSX10.6.sdk -mmacosx-version-min=10.6 -I/Users/nark/Library/Developer/Xcode/DerivedData/WiredServer-bdsuzuivpywligalmkhtruqeykyh/Build/Intermediates/WiredServer.build/Debug/wired.build/make/i386 conftest.c >&5
configure:2659: $? = 0
configure:2758: result: yes
configure:2775: checking for /Applications/Xcode.app/Contents/Developer/usr/bin/llvm-gcc-4.2 -arch i386 option to accept ISO C89
configure:2849: /Applications/Xcode.app/Contents/Developer/usr/bin/llvm-gcc-4.2 -arch i386  -c  -O0  -isysroot /Applications/Xcode.app/Contents/Developer/Platforms/MacOSX.platform/Developer/SDKs/MacOSX10.6.sdk -mmacosx-version-min=10.6 -I/Users/nark/Library/Developer/Xcode/DerivedData/WiredServer-bdsuzuivpywligalmkhtruqeykyh/Build/Intermediates/WiredServer.build/Debug/wired.build/make/i386 conftest.c >&5
configure:2855: $? = 0
configure:2878: result: none needed
configure:2909: checking for a BSD-compatible install
configure:2965: result: /usr/bin/install -c
configure:2976: checking whether make sets $(MAKE)
configure:2997: result: yes
configure:3012: checking for user
configure:3043: result: nark
configure:3055: checking for group
configure:3086: result: staff
configure:3098: checking for warning flags
configure:3135: /Applications/Xcode.app/Contents/Developer/usr/bin/llvm-gcc-4.2 -arch i386 -c  -O0 -W  -isysroot /Applications/Xcode.app/Contents/Developer/Platforms/MacOSX.platform/Developer/SDKs/MacOSX10.6.sdk -mmacosx-version-min=10.6 -I/Users/nark/Library/Developer/Xcode/DerivedData/WiredServer-bdsuzuivpywligalmkhtruqeykyh/Build/Intermediates/WiredServer.build/Debug/wired.build/make/i386 conftest.c >&5
configure:3141: $? = 0
configure:3197: /Applications/Xcode.app/Contents/Developer/usr/bin/llvm-gcc-4.2 -arch i386 -c  -O0 -W -Wall  -isysroot /Applications/Xcode.app/Contents/Developer/Platforms/MacOSX.platform/Developer/SDKs/MacOSX10.6.sdk -mmacosx-version-min=10.6 -I/Users/nark/Library/Developer/Xcode/DerivedData/WiredServer-bdsuzuivpywligalmkhtruqeykyh/Build/Intermediates/WiredServer.build/Debug/wired.build/make/i386 conftest.c >&5
configure:3203: $? = 0
configure:3259: /Applications/Xcode.app/Contents/Developer/usr/bin/llvm-gcc-4.2 -arch i386 -c  -O0 -W -Wall -Wno-unknown-pragmas  -isysroot /Applications/Xcode.app/Contents/Developer/Platforms/MacOSX.platform/Developer/SDKs/MacOSX10.6.sdk -mmacosx-version-min=10.6 -I/Users/nark/Library/Developer/Xcode/DerivedData/WiredServer-bdsuzuivpywligalmkhtruqeykyh/Build/Intermediates/WiredServer.build/Debug/wired.build/make/i386 conftest.c >&5
configure:3265: $? = 0
configure:3321: /Applications/Xcode.app/Contents/Developer/usr/bin/llvm-gcc-4.2 -arch i386 -c  -O0 -W -Wall -Wno-unknown-pragmas -Wno-unused-parameter  -isysroot /Applications/Xcode.app/Contents/Developer/Platforms/MacOSX.platform/Developer/SDKs/MacOSX10.6.sdk -mmacosx-version-min=10.6 -I/Users/nark/Library/Developer/Xcode/DerivedData/WiredServer-bdsuzuivpywligalmkhtruqeykyh/Build/Intermediates/WiredServer.build/Debug/wired.build/make/i386 conftest.c >&5
configure:3327: $? = 0
configure:3383: /Applications/Xcode.app/Contents/Developer/usr/bin/llvm-gcc-4.2 -arch i386 -c  -O0 -W -Wall -Wno-unknown-pragmas -Wno-unused-parameter -Wsign-compare  -isysroot /Applications/Xcode.app/Contents/Developer/Platforms/MacOSX.platform/Developer/SDKs/MacOSX10.6.sdk -mmacosx-version-min=10.6 -I/Users/nark/Library/Developer/Xcode/DerivedData/WiredServer-bdsuzuivpywligalmkhtruqeykyh/Build/Intermediates/WiredServer.build/Debug/wired.build/make/i386 conftest.c >&5
configure:3389: $? = 0
configure:3445: /Applications/Xcode.app/Contents/Developer/usr/bin/llvm-gcc-4.2 -arch i386 -c  -O0 -W -Wall -Wno-unknown-pragmas -Wno-unused-parameter -Wsign-compare -Wstrict-prototypes  -isysroot /Applications/Xcode.app/Contents/Developer/Platforms/MacOSX.platform/Developer/SDKs/MacOSX10.6.sdk -mmacosx-version-min=10.6 -I/Users/nark/Library/Developer/Xcode/DerivedData/WiredServer-bdsuzuivpywligalmkhtruqeykyh/Build/Intermediates/WiredServer.build/Debug/wired.build/make/i386 conftest.c >&5
conftest.c:2: warning: function declaration isn't a prototype
configure:3451: $? = 0
configure:3507: /Applications/Xcode.app/Contents/Developer/usr/bin/llvm-gcc-4.2 -arch i386 -c  -O0 -W -Wall -Wno-unknown-pragmas -Wno-unused-parameter -Wsign-compare -Wstrict-prototypes -Wmissing-prototypes  -isysroot /Applications/Xcode.app/Contents/Developer/Platforms/MacOSX.platform/Developer/SDKs/MacOSX10.6.sdk -mmacosx-version-min=10.6 -I/Users/nark/Library/Developer/Xcode/DerivedData/WiredServer-bdsuzuivpywligalmkhtruqeykyh/Build/Intermediates/WiredServer.build/Debug/wired.build/make/i386 conftest.c >&5
conftest.c:2: warning: function declaration isn't a prototype
configure:3513: $? = 0
configure:3569: /Applications/Xcode.app/Contents/Developer/usr/bin/llvm-gcc-4.2 -arch i386 -c  -O0 -W -Wall -Wno-unknown-pragmas -Wno-unused-parameter -Wsign-compare -Wstrict-prototypes -Wmissing-prototypes -Wmissing-declarations  -isysroot /Applications/Xcode.app/Contents/Developer/Platforms/MacOSX.platform/Developer/SDKs/MacOSX10.6.sdk -mmacosx-version-min=10.6 -I/Users/nark/Library/Developer/Xcode/DerivedData/WiredServer-bdsuzuivpywligalmkhtruqeykyh/Build/Intermediates/WiredServer.build/Debug/wired.build/make/i386 conftest.c >&5
conftest.c:2: warning: function declaration isn't a prototype
configure:3575: $? = 0
configure:3631: /Applications/Xcode.app/Contents/Developer/usr/bin/llvm-gcc-4.2 -arch i386 -c  -O0 -W -Wall -Wno-unknown-pragmas -Wno-unused-parameter -Wsign-compare -Wstrict-prototypes -Wmissing-prototypes -Wmissing-declarations -Wredundant-decls  -isysroot /Applications/Xcode.app/Contents/Developer/Platforms/MacOSX.platform/Developer/SDKs/MacOSX10.6.sdk -mmacosx-version-min=10.6 -I/Users/nark/Library/Developer/Xcode/DerivedData/WiredServer-bdsuzuivpywligalmkhtruqeykyh/Build/Intermediates/WiredServer.build/Debug/wired.build/make/i386 conftest.c >&5
conftest.c:2: warning: function declaration isn't a prototype
configure:3637: $? = 0
configure:3667: result: -W -Wall -Wno-unknown-pragmas -Wno-unused-parameter -Wsign-compare -Wstrict-prototypes -Wmissing-prototypes -Wmissing-declarations -Wredundant-decls
configure:3879: checking how to run the C preprocessor
configure:3919: /Applications/Xcode.app/Contents/Developer/usr/bin/llvm-gcc-4.2 -arch i386 -E  -isysroot /Applications/Xcode.app/Contents/Developer/Platforms/MacOSX.platform/Developer/SDKs/MacOSX10.6.sdk -mmacosx-version-min=10.6 -I/Users/nark/Library/Developer/Xcode/DerivedData/WiredServer-bdsuzuivpywligalmkhtruqeykyh/Build/Intermediates/WiredServer.build/Debug/wired.build/make/i386 conftest.c
configure:3925: $? = 0
configure:3956: /Applications/Xcode.app/Contents/Developer/usr/bin/llvm-gcc-4.2 -arch i386 -E  -isysroot /Applications/Xcode.app/Contents/Developer/Platforms/MacOSX.platform/Developer/SDKs/MacOSX10.6.sdk -mmacosx-version-min=10.6 -I/Users/nark/Library/Developer/Xcode/DerivedData/WiredServer-bdsuzuivpywligalmkhtruqeykyh/Build/Intermediates/WiredServer.build/Debug/wired.build/make/i386 conftest.c
conftest.c:14:28: error: ac_nonexistent.h: No such file or directory
configure:3962: $? = 1
configure: failed program was:
| /* confdefs.h.  */
| #define PACKAGE_NAME "wired"
| #define PACKAGE_TARNAME "wired"
| #define PACKAGE_VERSION "2.0"
| #define PACKAGE_STRING "wired 2.0"
| #define PACKAGE_BUGREPORT "dev@read-write.fr"
| #define WI_REVISION "fd379ad"
| #define WD_VERSION "2.0"
| #define WD_BUGREPORT "dev@read-write.fr"
| #define WD_USER "nark"
| #define WD_GROUP "staff"
| #define WD_ROOT "/Library/Wired"
| /* end confdefs.h.  */
| #include <ac_nonexistent.h>
configure:3995: result: /Applications/Xcode.app/Contents/Developer/usr/bin/llvm-gcc-4.2 -arch i386 -E
configure:4024: /Applications/Xcode.app/Contents/Developer/usr/bin/llvm-gcc-4.2 -arch i386 -E  -isysroot /Applications/Xcode.app/Contents/Developer/Platforms/MacOSX.platform/Developer/SDKs/MacOSX10.6.sdk -mmacosx-version-min=10.6 -I/Users/nark/Library/Developer/Xcode/DerivedData/WiredServer-bdsuzuivpywligalmkhtruqeykyh/Build/Intermediates/WiredServer.build/Debug/wired.build/make/i386 conftest.c
configure:4030: $? = 0
configure:4061: /Applications/Xcode.app/Contents/Developer/usr/bin/llvm-gcc-4.2 -arch i386 -E  -isysroot /Applications/Xcode.app/Contents/Developer/Platforms/MacOSX.platform/Developer/SDKs/MacOSX10.6.sdk -mmacosx-version-min=10.6 -I/Users/nark/Library/Developer/Xcode/DerivedData/WiredServer-bdsuzuivpywligalmkhtruqeykyh/Build/Intermediates/WiredServer.build/Debug/wired.build/make/i386 conftest.c
conftest.c:14:28: error: ac_nonexistent.h: No such file or directory
configure:4067: $? = 1
configure: failed program was:
| /* confdefs.h.  */
| #define PACKAGE_NAME "wired"
| #define PACKAGE_TARNAME "wired"
| #define PACKAGE_VERSION "2.0"
| #define PACKAGE_STRING "wired 2.0"
| #define PACKAGE_BUGREPORT "dev@read-write.fr"
| #define WI_REVISION "fd379ad"
| #define WD_VERSION "2.0"
| #define WD_BUGREPORT "dev@read-write.fr"
| #define WD_USER "nark"
| #define WD_GROUP "staff"
| #define WD_ROOT "/Library/Wired"
| /* end confdefs.h.  */
| #include <ac_nonexistent.h>
configure:4105: checking for grep that handles long lines and -e
configure:4179: result: /usr/bin/grep
configure:4184: checking for egrep
configure:4262: result: /usr/bin/grep -E
configure:4267: checking for ANSI C header files
configure:4297: /Applications/Xcode.app/Contents/Developer/usr/bin/llvm-gcc-4.2 -arch i386 -c  -O0 -W -Wall -Wno-unknown-pragmas -Wno-unused-parameter -Wsign-compare -Wstrict-prototypes -Wmissing-prototypes -Wmissing-declarations -Wredundant-decls  -isysroot /Applications/Xcode.app/Contents/Developer/Platforms/MacOSX.platform/Developer/SDKs/MacOSX10.6.sdk -mmacosx-version-min=10.6 -I/Users/nark/Library/Developer/Xcode/DerivedData/WiredServer-bdsuzuivpywligalmkhtruqeykyh/Build/Intermediates/WiredServer.build/Debug/wired.build/make/i386 conftest.c >&5
conftest.c:21: warning: function declaration isn't a prototype
configure:4303: $? = 0
configure:4431: result: yes
configure:4455: checking for sys/types.h
configure:4476: /Applications/Xcode.app/Contents/Developer/usr/bin/llvm-gcc-4.2 -arch i386 -c  -O0 -W -Wall -Wno-unknown-pragmas -Wno-unused-parameter -Wsign-compare -Wstrict-prototypes -Wmissing-prototypes -Wmissing-declarations -Wredundant-decls  -isysroot /Applications/Xcode.app/Contents/Developer/Platforms/MacOSX.platform/Developer/SDKs/MacOSX10.6.sdk -mmacosx-version-min=10.6 -I/Users/nark/Library/Developer/Xcode/DerivedData/WiredServer-bdsuzuivpywligalmkhtruqeykyh/Build/Intermediates/WiredServer.build/Debug/wired.build/make/i386 conftest.c >&5
configure:4482: $? = 0
configure:4498: result: yes
configure:4455: checking for sys/stat.h
configure:4476: /Applications/Xcode.app/Contents/Developer/usr/bin/llvm-gcc-4.2 -arch i386 -c  -O0 -W -Wall -Wno-unknown-pragmas -Wno-unused-parameter -Wsign-compare -Wstrict-prototypes -Wmissing-prototypes -Wmissing-declarations -Wredundant-decls  -isysroot /Applications/Xcode.app/Contents/Developer/Platforms/MacOSX.platform/Developer/SDKs/MacOSX10.6.sdk -mmacosx-version-min=10.6 -I/Users/nark/Library/Developer/Xcode/DerivedData/WiredServer-bdsuzuivpywligalmkhtruqeykyh/Build/Intermediates/WiredServer.build/Debug/wired.build/make/i386 conftest.c >&5
configure:4482: $? = 0
configure:4498: result: yes
configure:4455: checking for stdlib.h
configure:4476: /Applications/Xcode.app/Contents/Developer/usr/bin/llvm-gcc-4.2 -arch i386 -c  -O0 -W -Wall -Wno-unknown-pragmas -Wno-unused-parameter -Wsign-compare -Wstrict-prototypes -Wmissing-prototypes -Wmissing-declarations -Wredundant-decls  -isysroot /Applications/Xcode.app/Contents/Developer/Platforms/MacOSX.platform/Developer/SDKs/MacOSX10.6.sdk -mmacosx-version-min=10.6 -I/Users/nark/Library/Developer/Xcode/DerivedData/WiredServer-bdsuzuivpywligalmkhtruqeykyh/Build/Intermediates/WiredServer.build/Debug/wired.build/make/i386 conftest.c >&5
configure:4482: $? = 0
configure:4498: result: yes
configure:4455: checking for string.h
configure:4476: /Applications/Xcode.app/Contents/Developer/usr/bin/llvm-gcc-4.2 -arch i386 -c  -O0 -W -Wall -Wno-unknown-pragmas -Wno-unused-parameter -Wsign-compare -Wstrict-prototypes -Wmissing-prototypes -Wmissing-declarations -Wredundant-decls  -isysroot /Applications/Xcode.app/Contents/Developer/Platforms/MacOSX.platform/Developer/SDKs/MacOSX10.6.sdk -mmacosx-version-min=10.6 -I/Users/nark/Library/Developer/Xcode/DerivedData/WiredServer-bdsuzuivpywligalmkhtruqeykyh/Build/Intermediates/WiredServer.build/Debug/wired.build/make/i386 conftest.c >&5
configure:4482: $? = 0
configure:4498: result: yes
configure:4455: checking for memory.h
configure:4476: /Applications/Xcode.app/Contents/Developer/usr/bin/llvm-gcc-4.2 -arch i386 -c  -O0 -W -Wall -Wno-unknown-pragmas -Wno-unused-parameter -Wsign-compare -Wstrict-prototypes -Wmissing-prototypes -Wmissing-declarations -Wredundant-decls  -isysroot /Applications/Xcode.app/Contents/Developer/Platforms/MacOSX.platform/Developer/SDKs/MacOSX10.6.sdk -mmacosx-version-min=10.6 -I/Users/nark/Library/Developer/Xcode/DerivedData/WiredServer-bdsuzuivpywligalmkhtruqeykyh/Build/Intermediates/WiredServer.build/Debug/wired.build/make/i386 conftest.c >&5
configure:4482: $? = 0
configure:4498: result: yes
configure:4455: checking for strings.h
configure:4476: /Applications/Xcode.app/Contents/Developer/usr/bin/llvm-gcc-4.2 -arch i386 -c  -O0 -W -Wall -Wno-unknown-pragmas -Wno-unused-parameter -Wsign-compare -Wstrict-prototypes -Wmissing-prototypes -Wmissing-declarations -Wredundant-decls  -isysroot /Applications/Xcode.app/Contents/Developer/Platforms/MacOSX.platform/Developer/SDKs/MacOSX10.6.sdk -mmacosx-version-min=10.6 -I/Users/nark/Library/Developer/Xcode/DerivedData/WiredServer-bdsuzuivpywligalmkhtruqeykyh/Build/Intermediates/WiredServer.build/Debug/wired.build/make/i386 conftest.c >&5
configure:4482: $? = 0
configure:4498: result: yes
configure:4455: checking for inttypes.h
configure:4476: /Applications/Xcode.app/Contents/Developer/usr/bin/llvm-gcc-4.2 -arch i386 -c  -O0 -W -Wall -Wno-unknown-pragmas -Wno-unused-parameter -Wsign-compare -Wstrict-prototypes -Wmissing-prototypes -Wmissing-declarations -Wredundant-decls  -isysroot /Applications/Xcode.app/Contents/Developer/Platforms/MacOSX.platform/Developer/SDKs/MacOSX10.6.sdk -mmacosx-version-min=10.6 -I/Users/nark/Library/Developer/Xcode/DerivedData/WiredServer-bdsuzuivpywligalmkhtruqeykyh/Build/Intermediates/WiredServer.build/Debug/wired.build/make/i386 conftest.c >&5
configure:4482: $? = 0
configure:4498: result: yes
configure:4455: checking for stdint.h
configure:4476: /Applications/Xcode.app/Contents/Developer/usr/bin/llvm-gcc-4.2 -arch i386 -c  -O0 -W -Wall -Wno-unknown-pragmas -Wno-unused-parameter -Wsign-compare -Wstrict-prototypes -Wmissing-prototypes -Wmissing-declarations -Wredundant-decls  -isysroot /Applications/Xcode.app/Contents/Developer/Platforms/MacOSX.platform/Developer/SDKs/MacOSX10.6.sdk -mmacosx-version-min=10.6 -I/Users/nark/Library/Developer/Xcode/DerivedData/WiredServer-bdsuzuivpywligalmkhtruqeykyh/Build/Intermediates/WiredServer.build/Debug/wired.build/make/i386 conftest.c >&5
configure:4482: $? = 0
configure:4498: result: yes
configure:4455: checking for unistd.h
configure:4476: /Applications/Xcode.app/Contents/Developer/usr/bin/llvm-gcc-4.2 -arch i386 -c  -O0 -W -Wall -Wno-unknown-pragmas -Wno-unused-parameter -Wsign-compare -Wstrict-prototypes -Wmissing-prototypes -Wmissing-declarations -Wredundant-decls  -isysroot /Applications/Xcode.app/Contents/Developer/Platforms/MacOSX.platform/Developer/SDKs/MacOSX10.6.sdk -mmacosx-version-min=10.6 -I/Users/nark/Library/Developer/Xcode/DerivedData/WiredServer-bdsuzuivpywligalmkhtruqeykyh/Build/Intermediates/WiredServer.build/Debug/wired.build/make/i386 conftest.c >&5
configure:4482: $? = 0
configure:4498: result: yes
configure:4537: checking pthread.h usability
configure:4554: /Applications/Xcode.app/Contents/Developer/usr/bin/llvm-gcc-4.2 -arch i386 -c  -O0 -W -Wall -Wno-unknown-pragmas -Wno-unused-parameter -Wsign-compare -Wstrict-prototypes -Wmissing-prototypes -Wmissing-declarations -Wredundant-decls  -isysroot /Applications/Xcode.app/Contents/Developer/Platforms/MacOSX.platform/Developer/SDKs/MacOSX10.6.sdk -mmacosx-version-min=10.6 -I/Users/nark/Library/Developer/Xcode/DerivedData/WiredServer-bdsuzuivpywligalmkhtruqeykyh/Build/Intermediates/WiredServer.build/Debug/wired.build/make/i386 conftest.c >&5
configure:4560: $? = 0
configure:4574: result: yes
configure:4578: checking pthread.h presence
configure:4593: /Applications/Xcode.app/Contents/Developer/usr/bin/llvm-gcc-4.2 -arch i386 -E  -isysroot /Applications/Xcode.app/Contents/Developer/Platforms/MacOSX.platform/Developer/SDKs/MacOSX10.6.sdk -mmacosx-version-min=10.6 -I/Users/nark/Library/Developer/Xcode/DerivedData/WiredServer-bdsuzuivpywligalmkhtruqeykyh/Build/Intermediates/WiredServer.build/Debug/wired.build/make/i386 conftest.c
configure:4599: $? = 0
configure:4613: result: yes
configure:4646: checking for pthread.h
configure:4654: result: yes
configure:4663: checking for pthreads
configure:4718: /Applications/Xcode.app/Contents/Developer/usr/bin/llvm-gcc-4.2 -arch i386 -o conftest  -O0 -W -Wall -Wno-unknown-pragmas -Wno-unused-parameter -Wsign-compare -Wstrict-prototypes -Wmissing-prototypes -Wmissing-declarations -Wredundant-decls  -isysroot /Applications/Xcode.app/Contents/Developer/Platforms/MacOSX.platform/Developer/SDKs/MacOSX10.6.sdk -mmacosx-version-min=10.6 -I/Users/nark/Library/Developer/Xcode/DerivedData/WiredServer-bdsuzuivpywligalmkhtruqeykyh/Build/Intermediates/WiredServer.build/Debug/wired.build/make/i386 -L/usr/local/lib conftest.c  >&5
conftest.c:29: warning: no previous prototype for 'thread'
conftest.c:35: warning: function declaration isn't a prototype
configure:4724: $? = 0
configure:5130: result: yes
configure:5180: checking for pow
configure:5236: /Applications/Xcode.app/Contents/Developer/usr/bin/llvm-gcc-4.2 -arch i386 -o conftest  -O0 -W -Wall -Wno-unknown-pragmas -Wno-unused-parameter -Wsign-compare -Wstrict-prototypes -Wmissing-prototypes -Wmissing-declarations -Wredundant-decls  -isysroot /Applications/Xcode.app/Contents/Developer/Platforms/MacOSX.platform/Developer/SDKs/MacOSX10.6.sdk -mmacosx-version-min=10.6 -I/Users/nark/Library/Developer/Xcode/DerivedData/WiredServer-bdsuzuivpywligalmkhtruqeykyh/Build/Intermediates/WiredServer.build/Debug/wired.build/make/i386 -DWI_PTHREADS -L/usr/local/lib conftest.c  >&5
conftest.c:48: warning: function declaration isn't a prototype
conftest.c:48: warning: conflicting types for built-in function 'pow'
conftest.c:58: warning: function declaration isn't a prototype
configure:5242: $? = 0
configure:5259: result: yes
configure:5351: checking for setsockopt
configure:5407: /Applications/Xcode.app/Contents/Developer/usr/bin/llvm-gcc-4.2 -arch i386 -o conftest  -O0 -W -Wall -Wno-unknown-pragmas -Wno-unused-parameter -Wsign-compare -Wstrict-prototypes -Wmissing-prototypes -Wmissing-declarations -Wredundant-decls  -isysroot /Applications/Xcode.app/Contents/Developer/Platforms/MacOSX.platform/Developer/SDKs/MacOSX10.6.sdk -mmacosx-version-min=10.6 -I/Users/nark/Library/Developer/Xcode/DerivedData/WiredServer-bdsuzuivpywligalmkhtruqeykyh/Build/Intermediates/WiredServer.build/Debug/wired.build/make/i386 -DWI_PTHREADS -L/usr/local/lib conftest.c  >&5
conftest.c:48: warning: function declaration isn't a prototype
conftest.c:58: warning: function declaration isn't a prototype
configure:5413: $? = 0
configure:5430: result: yes
configure:5522: checking for gethostent
configure:5578: /Applications/Xcode.app/Contents/Developer/usr/bin/llvm-gcc-4.2 -arch i386 -o conftest  -O0 -W -Wall -Wno-unknown-pragmas -Wno-unused-parameter -Wsign-compare -Wstrict-prototypes -Wmissing-prototypes -Wmissing-declarations -Wredundant-decls  -isysroot /Applications/Xcode.app/Contents/Developer/Platforms/MacOSX.platform/Developer/SDKs/MacOSX10.6.sdk -mmacosx-version-min=10.6 -I/Users/nark/Library/Developer/Xcode/DerivedData/WiredServer-bdsuzuivpywligalmkhtruqeykyh/Build/Intermediates/WiredServer.build/Debug/wired.build/make/i386 -DWI_PTHREADS -L/usr/local/lib conftest.c  >&5
conftest.c:48: warning: function declaration isn't a prototype
conftest.c:58: warning: function declaration isn't a prototype
configure:5584: $? = 0
configure:5601: result: yes
configure:5693: checking for herror
configure:5749: /Applications/Xcode.app/Contents/Developer/usr/bin/llvm-gcc-4.2 -arch i386 -o conftest  -O0 -W -Wall -Wno-unknown-pragmas -Wno-unused-parameter -Wsign-compare -Wstrict-prototypes -Wmissing-prototypes -Wmissing-declarations -Wredundant-decls  -isysroot /Applications/Xcode.app/Contents/Developer/Platforms/MacOSX.platform/Developer/SDKs/MacOSX10.6.sdk -mmacosx-version-min=10.6 -I/Users/nark/Library/Developer/Xcode/DerivedData/WiredServer-bdsuzuivpywligalmkhtruqeykyh/Build/Intermediates/WiredServer.build/Debug/wired.build/make/i386 -DWI_PTHREADS -L/usr/local/lib conftest.c  >&5
conftest.c:48: warning: function declaration isn't a prototype
conftest.c:58: warning: function declaration isn't a prototype
configure:5755: $? = 0
configure:5772: result: yes
configure:5879: checking CoreServices/CoreServices.h usability
configure:5896: /Applications/Xcode.app/Contents/Developer/usr/bin/llvm-gcc-4.2 -arch i386 -c  -O0 -W -Wall -Wno-unknown-pragmas -Wno-unused-parameter -Wsign-compare -Wstrict-prototypes -Wmissing-prototypes -Wmissing-declarations -Wredundant-decls  -isysroot /Applications/Xcode.app/Contents/Developer/Platforms/MacOSX.platform/Developer/SDKs/MacOSX10.6.sdk -mmacosx-version-min=10.6 -I/Users/nark/Library/Developer/Xcode/DerivedData/WiredServer-bdsuzuivpywligalmkhtruqeykyh/Build/Intermediates/WiredServer.build/Debug/wired.build/make/i386 -DWI_PTHREADS conftest.c >&5
configure:5902: $? = 0
configure:5916: result: yes
configure:5920: checking CoreServices/CoreServices.h presence
configure:5935: /Applications/Xcode.app/Contents/Developer/usr/bin/llvm-gcc-4.2 -arch i386 -E  -isysroot /Applications/Xcode.app/Contents/Developer/Platforms/MacOSX.platform/Developer/SDKs/MacOSX10.6.sdk -mmacosx-version-min=10.6 -I/Users/nark/Library/Developer/Xcode/DerivedData/WiredServer-bdsuzuivpywligalmkhtruqeykyh/Build/Intermediates/WiredServer.build/Debug/wired.build/make/i386 -DWI_PTHREADS conftest.c
configure:5941: $? = 0
configure:5955: result: yes
configure:5988: checking for CoreServices/CoreServices.h
configure:5996: result: yes
configure:6054: checking Carbon/Carbon.h usability
configure:6071: /Applications/Xcode.app/Contents/Developer/usr/bin/llvm-gcc-4.2 -arch i386 -c  -O0 -W -Wall -Wno-unknown-pragmas -Wno-unused-parameter -Wsign-compare -Wstrict-prototypes -Wmissing-prototypes -Wmissing-declarations -Wredundant-decls  -isysroot /Applications/Xcode.app/Contents/Developer/Platforms/MacOSX.platform/Developer/SDKs/MacOSX10.6.sdk -mmacosx-version-min=10.6 -I/Users/nark/Library/Developer/Xcode/DerivedData/WiredServer-bdsuzuivpywligalmkhtruqeykyh/Build/Intermediates/WiredServer.build/Debug/wired.build/make/i386 -DWI_PTHREADS -DWI_CORESERVICES conftest.c >&5
configure:6077: $? = 0
configure:6091: result: yes
configure:6095: checking Carbon/Carbon.h presence
configure:6110: /Applications/Xcode.app/Contents/Developer/usr/bin/llvm-gcc-4.2 -arch i386 -E  -isysroot /Applications/Xcode.app/Contents/Developer/Platforms/MacOSX.platform/Developer/SDKs/MacOSX10.6.sdk -mmacosx-version-min=10.6 -I/Users/nark/Library/Developer/Xcode/DerivedData/WiredServer-bdsuzuivpywligalmkhtruqeykyh/Build/Intermediates/WiredServer.build/Debug/wired.build/make/i386 -DWI_PTHREADS -DWI_CORESERVICES conftest.c
configure:6116: $? = 0
configure:6130: result: yes
configure:6163: checking for Carbon/Carbon.h
configure:6171: result: yes
configure:6232: checking CommonCrypto/CommonDigest.h usability
configure:6249: /Applications/Xcode.app/Contents/Developer/usr/bin/llvm-gcc-4.2 -arch i386 -c  -O0 -W -Wall -Wno-unknown-pragmas -Wno-unused-parameter -Wsign-compare -Wstrict-prototypes -Wmissing-prototypes -Wmissing-declarations -Wredundant-decls  -isysroot /Applications/Xcode.app/Contents/Developer/Platforms/MacOSX.platform/Developer/SDKs/MacOSX10.6.sdk -mmacosx-version-min=10.6 -I/Users/nark/Library/Developer/Xcode/DerivedData/WiredServer-bdsuzuivpywligalmkhtruqeykyh/Build/Intermediates/WiredServer.build/Debug/wired.build/make/i386 -DWI_PTHREADS -DWI_CORESERVICES -DWI_CARBON conftest.c >&5
configure:6255: $? = 0
configure:6269: result: yes
configure:6273: checking CommonCrypto/CommonDigest.h presence
configure:6288: /Applications/Xcode.app/Contents/Developer/usr/bin/llvm-gcc-4.2 -arch i386 -E  -isysroot /Applications/Xcode.app/Contents/Developer/Platforms/MacOSX.platform/Developer/SDKs/MacOSX10.6.sdk -mmacosx-version-min=10.6 -I/Users/nark/Library/Developer/Xcode/DerivedData/WiredServer-bdsuzuivpywligalmkhtruqeykyh/Build/Intermediates/WiredServer.build/Debug/wired.build/make/i386 -DWI_PTHREADS -DWI_CORESERVICES -DWI_CARBON conftest.c
configure:6294: $? = 0
configure:6308: result: yes
configure:6341: checking for CommonCrypto/CommonDigest.h
configure:6349: result: yes
configure:6232: checking CommonCrypto/CommonCryptor.h usability
configure:6249: /Applications/Xcode.app/Contents/Developer/usr/bin/llvm-gcc-4.2 -arch i386 -c  -O0 -W -Wall -Wno-unknown-pragmas -Wno-unused-parameter -Wsign-compare -Wstrict-prototypes -Wmissing-prototypes -Wmissing-declarations -Wredundant-decls  -isysroot /Applications/Xcode.app/Contents/Developer/Platforms/MacOSX.platform/Developer/SDKs/MacOSX10.6.sdk -mmacosx-version-min=10.6 -I/Users/nark/Library/Developer/Xcode/DerivedData/WiredServer-bdsuzuivpywligalmkhtruqeykyh/Build/Intermediates/WiredServer.build/Debug/wired.build/make/i386 -DWI_PTHREADS -DWI_CORESERVICES -DWI_CARBON -DWI_DIGESTS -DWI_CIPHERS conftest.c >&5
configure:6255: $? = 0
configure:6269: result: yes
configure:6273: checking CommonCrypto/CommonCryptor.h presence
configure:6288: /Applications/Xcode.app/Contents/Developer/usr/bin/llvm-gcc-4.2 -arch i386 -E  -isysroot /Applications/Xcode.app/Contents/Developer/Platforms/MacOSX.platform/Developer/SDKs/MacOSX10.6.sdk -mmacosx-version-min=10.6 -I/Users/nark/Library/Developer/Xcode/DerivedData/WiredServer-bdsuzuivpywligalmkhtruqeykyh/Build/Intermediates/WiredServer.build/Debug/wired.build/make/i386 -DWI_PTHREADS -DWI_CORESERVICES -DWI_CARBON -DWI_DIGESTS -DWI_CIPHERS conftest.c
configure:6294: $? = 0
configure:6308: result: yes
configure:6341: checking for CommonCrypto/CommonCryptor.h
configure:6349: result: yes
configure:6411: checking sqlite3.h usability
configure:6428: /Applications/Xcode.app/Contents/Developer/usr/bin/llvm-gcc-4.2 -arch i386 -c  -O0 -W -Wall -Wno-unknown-pragmas -Wno-unused-parameter -Wsign-compare -Wstrict-prototypes -Wmissing-prototypes -Wmissing-declarations -Wredundant-decls  -isysroot /Applications/Xcode.app/Contents/Developer/Platforms/MacOSX.platform/Developer/SDKs/MacOSX10.6.sdk -mmacosx-version-min=10.6 -I/Users/nark/Library/Developer/Xcode/DerivedData/WiredServer-bdsuzuivpywligalmkhtruqeykyh/Build/Intermediates/WiredServer.build/Debug/wired.build/make/i386 -DWI_PTHREADS -DWI_CORESERVICES -DWI_CARBON -DWI_DIGESTS -DWI_CIPHERS conftest.c >&5
configure:6434: $? = 0
configure:6448: result: yes
configure:6452: checking sqlite3.h presence
configure:6467: /Applications/Xcode.app/Contents/Developer/usr/bin/llvm-gcc-4.2 -arch i386 -E  -isysroot /Applications/Xcode.app/Contents/Developer/Platforms/MacOSX.platform/Developer/SDKs/MacOSX10.6.sdk -mmacosx-version-min=10.6 -I/Users/nark/Library/Developer/Xcode/DerivedData/WiredServer-bdsuzuivpywligalmkhtruqeykyh/Build/Intermediates/WiredServer.build/Debug/wired.build/make/i386 -DWI_PTHREADS -DWI_CORESERVICES -DWI_CARBON -DWI_DIGESTS -DWI_CIPHERS conftest.c
configure:6473: $? = 0
configure:6487: result: yes
configure:6520: checking for sqlite3.h
configure:6528: result: yes
configure:6558: checking for sqlite3_open in -lsqlite3
configure:6593: /Applications/Xcode.app/Contents/Developer/usr/bin/llvm-gcc-4.2 -arch i386 -o conftest  -O0 -W -Wall -Wno-unknown-pragmas -Wno-unused-parameter -Wsign-compare -Wstrict-prototypes -Wmissing-prototypes -Wmissing-declarations -Wredundant-decls  -isysroot /Applications/Xcode.app/Contents/Developer/Platforms/MacOSX.platform/Developer/SDKs/MacOSX10.6.sdk -mmacosx-version-min=10.6 -I/Users/nark/Library/Developer/Xcode/DerivedData/WiredServer-bdsuzuivpywligalmkhtruqeykyh/Build/Intermediates/WiredServer.build/Debug/wired.build/make/i386 -DWI_PTHREADS -DWI_CORESERVICES -DWI_CARBON -DWI_DIGESTS -DWI_CIPHERS -L/usr/local/lib conftest.c -lsqlite3  -framework CoreServices -framework Carbon >&5
conftest.c:37: warning: function declaration isn't a prototype
conftest.c:40: warning: function declaration isn't a prototype
configure:6599: $? = 0
configure:6617: result: yes
configure:6678: checking for CommonCrypto/CommonDigest.h
configure:6684: result: yes
configure:6678: checking for CommonCrypto/CommonCryptor.h
configure:6684: result: yes
configure:7262: checking openssl/sha.h usability
configure:7279: /Applications/Xcode.app/Contents/Developer/usr/bin/llvm-gcc-4.2 -arch i386 -c  -O0 -W -Wall -Wno-unknown-pragmas -Wno-unused-parameter -Wsign-compare -Wstrict-prototypes -Wmissing-prototypes -Wmissing-declarations -Wredundant-decls  -isysroot /Applications/Xcode.app/Contents/Developer/Platforms/MacOSX.platform/Developer/SDKs/MacOSX10.6.sdk -mmacosx-version-min=10.6 -I/Users/nark/Library/Developer/Xcode/DerivedData/WiredServer-bdsuzuivpywligalmkhtruqeykyh/Build/Intermediates/WiredServer.build/Debug/wired.build/make/i386 -DWI_PTHREADS -DWI_CORESERVICES -DWI_CARBON -DWI_DIGESTS -DWI_CIPHERS -DWI_SQLITE3 conftest.c >&5
configure:7285: $? = 0
configure:7299: result: yes
configure:7303: checking openssl/sha.h presence
configure:7318: /Applications/Xcode.app/Contents/Developer/usr/bin/llvm-gcc-4.2 -arch i386 -E  -isysroot /Applications/Xcode.app/Contents/Developer/Platforms/MacOSX.platform/Developer/SDKs/MacOSX10.6.sdk -mmacosx-version-min=10.6 -I/Users/nark/Library/Developer/Xcode/DerivedData/WiredServer-bdsuzuivpywligalmkhtruqeykyh/Build/Intermediates/WiredServer.build/Debug/wired.build/make/i386 -DWI_PTHREADS -DWI_CORESERVICES -DWI_CARBON -DWI_DIGESTS -DWI_CIPHERS -DWI_SQLITE3 conftest.c
configure:7324: $? = 0
configure:7338: result: yes
configure:7371: checking for openssl/sha.h
configure:7379: result: yes
configure:7411: checking for SHA1_Init in -lcrypto
configure:7446: /Applications/Xcode.app/Contents/Developer/usr/bin/llvm-gcc-4.2 -arch i386 -o conftest  -O0 -W -Wall -Wno-unknown-pragmas -Wno-unused-parameter -Wsign-compare -Wstrict-prototypes -Wmissing-prototypes -Wmissing-declarations -Wredundant-decls  -isysroot /Applications/Xcode.app/Contents/Developer/Platforms/MacOSX.platform/Developer/SDKs/MacOSX10.6.sdk -mmacosx-version-min=10.6 -I/Users/nark/Library/Developer/Xcode/DerivedData/WiredServer-bdsuzuivpywligalmkhtruqeykyh/Build/Intermediates/WiredServer.build/Debug/wired.build/make/i386 -DWI_PTHREADS -DWI_CORESERVICES -DWI_CARBON -DWI_DIGESTS -DWI_CIPHERS -DWI_SQLITE3 -L/usr/local/lib conftest.c -lcrypto  -framework CoreServices -framework Carbon -lsqlite3 >&5
conftest.c:40: warning: function declaration isn't a prototype
conftest.c:43: warning: function declaration isn't a prototype
configure:7452: $? = 0
configure:7470: result: yes
configure:7602: checking libxml/parser.h usability
configure:7619: /Applications/Xcode.app/Contents/Developer/usr/bin/llvm-gcc-4.2 -arch i386 -c  -O0 -W -Wall -Wno-unknown-pragmas -Wno-unused-parameter -Wsign-compare -Wstrict-prototypes -Wmissing-prototypes -Wmissing-declarations -Wredundant-decls  -isysroot /Applications/Xcode.app/Contents/Developer/Platforms/MacOSX.platform/Developer/SDKs/MacOSX10.6.sdk -mmacosx-version-min=10.6 -I/Users/nark/Library/Developer/Xcode/DerivedData/WiredServer-bdsuzuivpywligalmkhtruqeykyh/Build/Intermediates/WiredServer.build/Debug/wired.build/make/i386 -DWI_PTHREADS -DWI_CORESERVICES -DWI_CARBON -DWI_DIGESTS -DWI_CIPHERS -DWI_SQLITE3 -DWI_RSA -I/usr/include/libxml2 conftest.c >&5
configure:7625: $? = 0
configure:7639: result: yes
configure:7643: checking libxml/parser.h presence
configure:7658: /Applications/Xcode.app/Contents/Developer/usr/bin/llvm-gcc-4.2 -arch i386 -E  -isysroot /Applications/Xcode.app/Contents/Developer/Platforms/MacOSX.platform/Developer/SDKs/MacOSX10.6.sdk -mmacosx-version-min=10.6 -I/Users/nark/Library/Developer/Xcode/DerivedData/WiredServer-bdsuzuivpywligalmkhtruqeykyh/Build/Intermediates/WiredServer.build/Debug/wired.build/make/i386 -DWI_PTHREADS -DWI_CORESERVICES -DWI_CARBON -DWI_DIGESTS -DWI_CIPHERS -DWI_SQLITE3 -DWI_RSA -I/usr/include/libxml2 conftest.c
configure:7664: $? = 0
configure:7678: result: yes
configure:7711: checking for libxml/parser.h
configure:7719: result: yes
configure:7749: checking for xmlParseFile in -lxml2
configure:7784: /Applications/Xcode.app/Contents/Developer/usr/bin/llvm-gcc-4.2 -arch i386 -o conftest  -O0 -W -Wall -Wno-unknown-pragmas -Wno-unused-parameter -Wsign-compare -Wstrict-prototypes -Wmissing-prototypes -Wmissing-declarations -Wredundant-decls  -isysroot /Applications/Xcode.app/Contents/Developer/Platforms/MacOSX.platform/Developer/SDKs/MacOSX10.6.sdk -mmacosx-version-min=10.6 -I/Users/nark/Library/Developer/Xcode/DerivedData/WiredServer-bdsuzuivpywligalmkhtruqeykyh/Build/Intermediates/WiredServer.build/Debug/wired.build/make/i386 -DWI_PTHREADS -DWI_CORESERVICES -DWI_CARBON -DWI_DIGESTS -DWI_CIPHERS -DWI_SQLITE3 -DWI_RSA -I/usr/include/libxml2 -L/usr/local/lib conftest.c -lxml2  -framework CoreServices -framework Carbon -lsqlite3 -lcrypto >&5
conftest.c:41: warning: function declaration isn't a prototype
conftest.c:44: warning: function declaration isn't a prototype
configure:7790: $? = 0
configure:7808: result: yes
configure:7886: checking zlib.h usability
configure:7903: /Applications/Xcode.app/Contents/Developer/usr/bin/llvm-gcc-4.2 -arch i386 -c  -O0 -W -Wall -Wno-unknown-pragmas -Wno-unused-parameter -Wsign-compare -Wstrict-prototypes -Wmissing-prototypes -Wmissing-declarations -Wredundant-decls  -isysroot /Applications/Xcode.app/Contents/Developer/Platforms/MacOSX.platform/Developer/SDKs/MacOSX10.6.sdk -mmacosx-version-min=10.6 -I/Users/nark/Library/Developer/Xcode/DerivedData/WiredServer-bdsuzuivpywligalmkhtruqeykyh/Build/Intermediates/WiredServer.build/Debug/wired.build/make/i386 -DWI_PTHREADS -DWI_CORESERVICES -DWI_CARBON -DWI_DIGESTS -DWI_CIPHERS -DWI_SQLITE3 -DWI_RSA -I/usr/include/libxml2 -DWI_LIBXML2 -DWI_PLIST conftest.c >&5
configure:7909: $? = 0
configure:7923: result: yes
configure:7927: checking zlib.h presence
configure:7942: /Applications/Xcode.app/Contents/Developer/usr/bin/llvm-gcc-4.2 -arch i386 -E  -isysroot /Applications/Xcode.app/Contents/Developer/Platforms/MacOSX.platform/Developer/SDKs/MacOSX10.6.sdk -mmacosx-version-min=10.6 -I/Users/nark/Library/Developer/Xcode/DerivedData/WiredServer-bdsuzuivpywligalmkhtruqeykyh/Build/Intermediates/WiredServer.build/Debug/wired.build/make/i386 -DWI_PTHREADS -DWI_CORESERVICES -DWI_CARBON -DWI_DIGESTS -DWI_CIPHERS -DWI_SQLITE3 -DWI_RSA -I/usr/include/libxml2 -DWI_LIBXML2 -DWI_PLIST conftest.c
configure:7948: $? = 0
configure:7962: result: yes
configure:7995: checking for zlib.h
configure:8003: result: yes
configure:8033: checking for deflate in -lz
configure:8068: /Applications/Xcode.app/Contents/Developer/usr/bin/llvm-gcc-4.2 -arch i386 -o conftest  -O0 -W -Wall -Wno-unknown-pragmas -Wno-unused-parameter -Wsign-compare -Wstrict-prototypes -Wmissing-prototypes -Wmissing-declarations -Wredundant-decls  -isysroot /Applications/Xcode.app/Contents/Developer/Platforms/MacOSX.platform/Developer/SDKs/MacOSX10.6.sdk -mmacosx-version-min=10.6 -I/Users/nark/Library/Developer/Xcode/DerivedData/WiredServer-bdsuzuivpywligalmkhtruqeykyh/Build/Intermediates/WiredServer.build/Debug/wired.build/make/i386 -DWI_PTHREADS -DWI_CORESERVICES -DWI_CARBON -DWI_DIGESTS -DWI_CIPHERS -DWI_SQLITE3 -DWI_RSA -I/usr/include/libxml2 -DWI_LIBXML2 -DWI_PLIST -L/usr/local/lib conftest.c -lz  -framework CoreServices -framework Carbon -lsqlite3 -lcrypto -lxml2 >&5
conftest.c:42: warning: function declaration isn't a prototype
conftest.c:45: warning: function declaration isn't a prototype
configure:8074: $? = 0
configure:8092: result: yes
configure:8171: checking dns_sd.h usability
configure:8188: /Applications/Xcode.app/Contents/Developer/usr/bin/llvm-gcc-4.2 -arch i386 -c  -O0 -W -Wall -Wno-unknown-pragmas -Wno-unused-parameter -Wsign-compare -Wstrict-prototypes -Wmissing-prototypes -Wmissing-declarations -Wredundant-decls  -isysroot /Applications/Xcode.app/Contents/Developer/Platforms/MacOSX.platform/Developer/SDKs/MacOSX10.6.sdk -mmacosx-version-min=10.6 -I/Users/nark/Library/Developer/Xcode/DerivedData/WiredServer-bdsuzuivpywligalmkhtruqeykyh/Build/Intermediates/WiredServer.build/Debug/wired.build/make/i386 -DWI_PTHREADS -DWI_CORESERVICES -DWI_CARBON -DWI_DIGESTS -DWI_CIPHERS -DWI_SQLITE3 -DWI_RSA -I/usr/include/libxml2 -DWI_LIBXML2 -DWI_PLIST -DWI_ZLIB -DWI_P7 conftest.c >&5
configure:8194: $? = 0
configure:8208: result: yes
configure:8212: checking dns_sd.h presence
configure:8227: /Applications/Xcode.app/Contents/Developer/usr/bin/llvm-gcc-4.2 -arch i386 -E  -isysroot /Applications/Xcode.app/Contents/Developer/Platforms/MacOSX.platform/Developer/SDKs/MacOSX10.6.sdk -mmacosx-version-min=10.6 -I/Users/nark/Library/Developer/Xcode/DerivedData/WiredServer-bdsuzuivpywligalmkhtruqeykyh/Build/Intermediates/WiredServer.build/Debug/wired.build/make/i386 -DWI_PTHREADS -DWI_CORESERVICES -DWI_CARBON -DWI_DIGESTS -DWI_CIPHERS -DWI_SQLITE3 -DWI_RSA -I/usr/include/libxml2 -DWI_LIBXML2 -DWI_PLIST -DWI_ZLIB -DWI_P7 conftest.c
configure:8233: $? = 0
configure:8247: result: yes
configure:8280: checking for dns_sd.h
configure:8288: result: yes
configure:8297: checking for DNSServiceRegister in -ldns_sd
configure:8332: /Applications/Xcode.app/Contents/Developer/usr/bin/llvm-gcc-4.2 -arch i386 -o conftest  -O0 -W -Wall -Wno-unknown-pragmas -Wno-unused-parameter -Wsign-compare -Wstrict-prototypes -Wmissing-prototypes -Wmissing-declarations -Wredundant-decls  -isysroot /Applications/Xcode.app/Contents/Developer/Platforms/MacOSX.platform/Developer/SDKs/MacOSX10.6.sdk -mmacosx-version-min=10.6 -I/Users/nark/Library/Developer/Xcode/DerivedData/WiredServer-bdsuzuivpywligalmkhtruqeykyh/Build/Intermediates/WiredServer.build/Debug/wired.build/make/i386 -DWI_PTHREADS -DWI_CORESERVICES -DWI_CARBON -DWI_DIGESTS -DWI_CIPHERS -DWI_SQLITE3 -DWI_RSA -I/usr/include/libxml2 -DWI_LIBXML2 -DWI_PLIST -DWI_ZLIB -DWI_P7 -L/usr/local/lib conftest.c -ldns_sd  -framework CoreServices -framework Carbon -lsqlite3 -lcrypto -lxml2 -lz >&5
conftest.c:43: warning: function declaration isn't a prototype
conftest.c:46: warning: function declaration isn't a prototype
ld: library not found for -ldns_sd
collect2: ld returned 1 exit status
configure:8338: $? = 1
configure: failed program was:
| /* confdefs.h.  */
| #define PACKAGE_NAME "wired"
| #define PACKAGE_TARNAME "wired"
| #define PACKAGE_VERSION "2.0"
| #define PACKAGE_STRING "wired 2.0"
| #define PACKAGE_BUGREPORT "dev@read-write.fr"
| #define WI_REVISION "fd379ad"
| #define WD_VERSION "2.0"
| #define WD_BUGREPORT "dev@read-write.fr"
| #define WD_USER "nark"
| #define WD_GROUP "staff"
| #define WD_ROOT "/Library/Wired"
| #define STDC_HEADERS 1
| #define HAVE_SYS_TYPES_H 1
| #define HAVE_SYS_STAT_H 1
| #define HAVE_STDLIB_H 1
| #define HAVE_STRING_H 1
| #define HAVE_MEMORY_H 1
| #define HAVE_STRINGS_H 1
| #define HAVE_INTTYPES_H 1
| #define HAVE_STDINT_H 1
| #define HAVE_UNISTD_H 1
| #define HAVE_PTHREAD_H 1
| #define HAVE_CORESERVICES_CORESERVICES_H 1
| #define HAVE_CARBON_CARBON_H 1
| #define HAVE_COMMONCRYPTO_COMMONDIGEST_H 1
| #define HAVE_COMMONCRYPTO_COMMONCRYPTOR_H 1
| #define HAVE_SQLITE3_H 1
| #define HAVE_COMMONCRYPTO_COMMONDIGEST_H 1
| #define HAVE_COMMONCRYPTO_COMMONCRYPTOR_H 1
| #define HAVE_OPENSSL_SHA_H 1
| #define HAVE_LIBXML_PARSER_H 1
| #define HAVE_ZLIB_H 1
| #define HAVE_DNS_SD_H 1
| /* end confdefs.h.  */
| 
| /* Override any GCC internal prototype to avoid an error.
|    Use char because int might match the return type of a GCC
|    builtin and then its argument prototype would still apply.  */
| #ifdef __cplusplus
| extern "C"
| #endif
| char DNSServiceRegister ();
| int
| main ()
| {
| return DNSServiceRegister ();
|   ;
|   return 0;
| }
configure:8356: result: no
configure:8381: checking for special C compiler options needed for large files
configure:8474: result: no
configure:8480: checking for _FILE_OFFSET_BITS value needed for large files
configure:8515: /Applications/Xcode.app/Contents/Developer/usr/bin/llvm-gcc-4.2 -arch i386 -c  -O0 -W -Wall -Wno-unknown-pragmas -Wno-unused-parameter -Wsign-compare -Wstrict-prototypes -Wmissing-prototypes -Wmissing-declarations -Wredundant-decls  -isysroot /Applications/Xcode.app/Contents/Developer/Platforms/MacOSX.platform/Developer/SDKs/MacOSX10.6.sdk -mmacosx-version-min=10.6 -I/Users/nark/Library/Developer/Xcode/DerivedData/WiredServer-bdsuzuivpywligalmkhtruqeykyh/Build/Intermediates/WiredServer.build/Debug/wired.build/make/i386 -DWI_PTHREADS -DWI_CORESERVICES -DWI_CARBON -DWI_DIGESTS -DWI_CIPHERS -DWI_SQLITE3 -DWI_RSA -I/usr/include/libxml2 -DWI_LIBXML2 -DWI_PLIST -DWI_ZLIB -DWI_P7 conftest.c >&5
conftest.c:47: warning: function declaration isn't a prototype
configure:8521: $? = 0
configure:8589: result: no
configure:8859: creating ./config.status

## ---------------------- ##
## Running config.status. ##
## ---------------------- ##

This file was extended by wired config.status 2.0, which was
generated by GNU Autoconf 2.61.  Invocation command line was

  CONFIG_FILES    = 
  CONFIG_HEADERS  = 
  CONFIG_LINKS    = 
  CONFIG_COMMANDS = 
  $ ./config.status 

on MacBook-Pro-de-Rafael.local

config.status:613: creating Makefile
config.status:613: creating config.h

## ---------------- ##
## Cache variables. ##
## ---------------- ##

ac_cv_build=i686-apple-darwin11.4.0
ac_cv_c_compiler_gnu=yes
ac_cv_env_CC_set=set
ac_cv_env_CC_value='/Applications/Xcode.app/Contents/Developer/usr/bin/llvm-gcc-4.2 -arch i386'
ac_cv_env_CFLAGS_set=set
ac_cv_env_CFLAGS_value=' -O0'
ac_cv_env_CPPFLAGS_set=set
ac_cv_env_CPPFLAGS_value=' -isysroot /Applications/Xcode.app/Contents/Developer/Platforms/MacOSX.platform/Developer/SDKs/MacOSX10.6.sdk -mmacosx-version-min=10.6 -I/Users/nark/Library/Developer/Xcode/DerivedData/WiredServer-bdsuzuivpywligalmkhtruqeykyh/Build/Intermediates/WiredServer.build/Debug/wired.build/make/i386'
ac_cv_env_CPP_set=
ac_cv_env_CPP_value=
ac_cv_env_LDFLAGS_set=
ac_cv_env_LDFLAGS_value=
ac_cv_env_LIBS_set=
ac_cv_env_LIBS_value=
ac_cv_env_build_alias_set=set
ac_cv_env_build_alias_value=i686-apple-darwin11.4.0
ac_cv_env_host_alias_set=set
ac_cv_env_host_alias_value=i386-apple-darwin11.4.0
ac_cv_env_target_alias_set=
ac_cv_env_target_alias_value=
ac_cv_func_gethostent=yes
ac_cv_func_herror=yes
ac_cv_func_pow=yes
ac_cv_func_setsockopt=yes
ac_cv_header_Carbon_Carbon_h=yes
ac_cv_header_CommonCrypto_CommonCryptor_h=yes
ac_cv_header_CommonCrypto_CommonDigest_h=yes
ac_cv_header_CoreServices_CoreServices_h=yes
ac_cv_header_dns_sd_h=yes
ac_cv_header_inttypes_h=yes
ac_cv_header_libxml_parser_h=yes
ac_cv_header_memory_h=yes
ac_cv_header_openssl_sha_h=yes
ac_cv_header_pthread_h=yes
ac_cv_header_sqlite3_h=yes
ac_cv_header_stdc=yes
ac_cv_header_stdint_h=yes
ac_cv_header_stdlib_h=yes
ac_cv_header_string_h=yes
ac_cv_header_strings_h=yes
ac_cv_header_sys_stat_h=yes
ac_cv_header_sys_types_h=yes
ac_cv_header_unistd_h=yes
ac_cv_header_zlib_h=yes
ac_cv_host=i386-apple-darwin11.4.0
ac_cv_lib_crypto_SHA1_Init=yes
ac_cv_lib_dns_sd_DNSServiceRegister=no
ac_cv_lib_sqlite3_sqlite3_open=yes
ac_cv_lib_xml2_xmlParseFile=yes
ac_cv_lib_z_deflate=yes
ac_cv_objext=o
ac_cv_path_EGREP='/usr/bin/grep -E'
ac_cv_path_GREP=/usr/bin/grep
ac_cv_path_install='/usr/bin/install -c'
ac_cv_prog_CC='/Applications/Xcode.app/Contents/Developer/usr/bin/llvm-gcc-4.2 -arch i386'
ac_cv_prog_CPP='/Applications/Xcode.app/Contents/Developer/usr/bin/llvm-gcc-4.2 -arch i386 -E'
ac_cv_prog_cc_c89=
ac_cv_prog_cc_g=yes
ac_cv_prog_make_make_set=yes
ac_cv_sys_file_offset_bits=no
ac_cv_sys_largefile_CC=no

## ----------------- ##
## Output variables. ##
## ----------------- ##

CC='/Applications/Xcode.app/Contents/Developer/usr/bin/llvm-gcc-4.2 -arch i386'
CFLAGS=' -O0 -W -Wall -Wno-unknown-pragmas -Wno-unused-parameter -Wsign-compare -Wstrict-prototypes -Wmissing-prototypes -Wmissing-declarations -Wredundant-decls'
CPP='/Applications/Xcode.app/Contents/Developer/usr/bin/llvm-gcc-4.2 -arch i386 -E'
CPPFLAGS=' -isysroot /Applications/Xcode.app/Contents/Developer/Platforms/MacOSX.platform/Developer/SDKs/MacOSX10.6.sdk -mmacosx-version-min=10.6 -I/Users/nark/Library/Developer/Xcode/DerivedData/WiredServer-bdsuzuivpywligalmkhtruqeykyh/Build/Intermediates/WiredServer.build/Debug/wired.build/make/i386 -DWI_PTHREADS -DWI_CORESERVICES -DWI_CARBON -DWI_DIGESTS -DWI_CIPHERS -DWI_SQLITE3 -DWI_RSA -I/usr/include/libxml2 -DWI_LIBXML2 -DWI_PLIST -DWI_ZLIB -DWI_P7'
DEFS='-DHAVE_CONFIG_H'
ECHO_C=''
ECHO_N='-n'
ECHO_T=''
EGREP='/usr/bin/grep -E'
EXEEXT=''
GREP='/usr/bin/grep'
INSTALL_DATA='${INSTALL} -m 644'
INSTALL_PROGRAM='${INSTALL}'
INSTALL_SCRIPT='${INSTALL}'
LDFLAGS='-L/usr/local/lib'
LIBOBJS=''
LIBS='-framework CoreServices -framework Carbon -lsqlite3 -lcrypto -lxml2 -lz'
LTLIBOBJS=''
OBJEXT='o'
PACKAGE_BUGREPORT='dev@read-write.fr'
PACKAGE_NAME='wired'
PACKAGE_STRING='wired 2.0'
PACKAGE_TARNAME='wired'
PACKAGE_VERSION='2.0'
PATH_SEPARATOR=':'
SET_MAKE=''
SHELL='/bin/sh'
WD_GROUP='staff'
WD_MAINTAINER='0'
WD_USER='nark'
WD_VERSION='2.0'
ac_ct_CC=''
bindir='${exec_prefix}/bin'
build='i686-apple-darwin11.4.0'
build_alias='i686-apple-darwin11.4.0'
build_cpu='i686'
build_os='darwin11.4.0'
build_vendor='apple'
datadir='${datarootdir}'
datarootdir='${prefix}/share'
docdir='${datarootdir}/doc/${PACKAGE_TARNAME}'
dvidir='${docdir}'
exec_prefix='${prefix}'
fake_prefix='/Library'
host='i386-apple-darwin11.4.0'
host_alias='i386-apple-darwin11.4.0'
host_cpu='i386'
host_os='darwin11.4.0'
host_vendor='apple'
htmldir='${docdir}'
includedir='${prefix}/include'
infodir='${datarootdir}/info'
libdir='${exec_prefix}/lib'
libexecdir='${exec_prefix}/libexec'
localedir='${datarootdir}/locale'
localstatedir='${prefix}/var'
mandir='${datarootdir}/man'
objdir='/Users/nark/Library/Developer/Xcode/DerivedData/WiredServer-bdsuzuivpywligalmkhtruqeykyh/Build/Intermediates/WiredServer.build/Debug/wired.build/Objects/i386'
oldincludedir='/usr/include'
pdfdir='${docdir}'
prefix='/Users/nark/Library/Developer/Xcode/DerivedData/WiredServer-bdsuzuivpywligalmkhtruqeykyh/Build/Products/Debug/'
program_transform_name='s,x,x,'
psdir='${docdir}'
rundir='/Users/nark/Library/Developer/Xcode/DerivedData/WiredServer-bdsuzuivpywligalmkhtruqeykyh/Build/Intermediates/WiredServer.build/Debug/wired.build/run/i386/wired'
sbindir='${exec_prefix}/sbin'
sharedstatedir='${prefix}/com'
subdirs=''
sysconfdir='${prefix}/etc'
target_alias=''
wireddir='Wired'

## ----------- ##
## confdefs.h. ##
## ----------- ##

#define PACKAGE_NAME "wired"
#define PACKAGE_TARNAME "wired"
#define PACKAGE_VERSION "2.0"
#define PACKAGE_STRING "wired 2.0"
#define PACKAGE_BUGREPORT "dev@read-write.fr"
#define WI_REVISION "fd379ad"
#define WD_VERSION "2.0"
#define WD_BUGREPORT "dev@read-write.fr"
#define WD_USER "nark"
#define WD_GROUP "staff"
#define WD_ROOT "/Library/Wired"
#define STDC_HEADERS 1
#define HAVE_SYS_TYPES_H 1
#define HAVE_SYS_STAT_H 1
#define HAVE_STDLIB_H 1
#define HAVE_STRING_H 1
#define HAVE_MEMORY_H 1
#define HAVE_STRINGS_H 1
#define HAVE_INTTYPES_H 1
#define HAVE_STDINT_H 1
#define HAVE_UNISTD_H 1
#define HAVE_PTHREAD_H 1
#define HAVE_CORESERVICES_CORESERVICES_H 1
#define HAVE_CARBON_CARBON_H 1
#define HAVE_COMMONCRYPTO_COMMONDIGEST_H 1
#define HAVE_COMMONCRYPTO_COMMONCRYPTOR_H 1
#define HAVE_SQLITE3_H 1
#define HAVE_COMMONCRYPTO_COMMONDIGEST_H 1
#define HAVE_COMMONCRYPTO_COMMONCRYPTOR_H 1
#define HAVE_OPENSSL_SHA_H 1
#define HAVE_LIBXML_PARSER_H 1
#define HAVE_ZLIB_H 1
#define HAVE_DNS_SD_H 1
#define _DARWIN_USE_64_BIT_INODE 1

configure: exit 0
